#
# There is insufficient memory for the Java Runtime Environment to continue.
# Native memory allocation (malloc) failed to allocate 1225184 bytes for Chunk::new
# Possible reasons:
#   The system is out of physical RAM or swap space
#   In 32 bit mode, the process size limit was hit
# Possible solutions:
#   Reduce memory load on the system
#   Increase physical memory or swap space
#   Check if swap backing store is full
#   Use 64 bit Java on a 64 bit OS
#   Decrease Java heap size (-Xmx/-Xms)
#   Decrease number of Java threads
#   Decrease Java thread stack sizes (-Xss)
#   Set larger code cache with -XX:ReservedCodeCacheSize=
# This output file may be truncated or incomplete.
#
#  Out of Memory Error (allocation.cpp:390), pid=21680, tid=0x0000000000005354
#
# JRE version: Java(TM) SE Runtime Environment (8.0_181-b13) (build 1.8.0_181-b13)
# Java VM: Java HotSpot(TM) 64-Bit Server VM (25.181-b13 mixed mode windows-amd64 compressed oops)
# Failed to write core dump. Minidumps are not enabled by default on client versions of Windows
#

---------------  T H R E A D  ---------------

Current thread (0x000000001c552000):  JavaThread "C2 CompilerThread1" daemon [_thread_in_native, id=21332, stack(0x000000001cb40000,0x000000001cc40000)]

Stack: [0x000000001cb40000,0x000000001cc40000]
[error occurred during error reporting (printing stack bounds), id 0xc0000005]

Native frames: (J=compiled Java code, j=interpreted, Vv=VM code, C=native code)


Current CompileTask:
C2:   7700 1431       4       java.io.WinNTFileSystem::normalize (143 bytes)


---------------  P R O C E S S  ---------------

Java Threads: ( => current thread )
  0x000000001d82f000 JavaThread "background-preinit" [_thread_in_native, id=24560, stack(0x000000001f2e0000,0x000000001f3e0000)]
  0x000000001c633000 JavaThread "Service Thread" daemon [_thread_blocked, id=22616, stack(0x000000001cd40000,0x000000001ce40000)]
  0x000000001c552800 JavaThread "C1 CompilerThread2" daemon [_thread_blocked, id=24048, stack(0x000000001cc40000,0x000000001cd40000)]
=>0x000000001c552000 JavaThread "C2 CompilerThread1" daemon [_thread_in_native, id=21332, stack(0x000000001cb40000,0x000000001cc40000)]
  0x000000001c551000 JavaThread "C2 CompilerThread0" daemon [_thread_in_native, id=20384, stack(0x000000001ca40000,0x000000001cb40000)]
  0x000000001a626800 JavaThread "JDWP Command Reader" daemon [_thread_in_native, id=15932, stack(0x000000001c140000,0x000000001c240000)]
  0x000000001a623000 JavaThread "JDWP Event Helper Thread" daemon [_thread_blocked, id=16052, stack(0x000000001c040000,0x000000001c140000)]
  0x000000001a616800 JavaThread "JDWP Transport Listener: dt_socket" daemon [_thread_blocked, id=14816, stack(0x000000001bf40000,0x000000001c040000)]
  0x000000001a5f8800 JavaThread "Attach Listener" daemon [_thread_blocked, id=4472, stack(0x000000001be40000,0x000000001bf40000)]
  0x000000001a611800 JavaThread "Signal Dispatcher" daemon [_thread_blocked, id=8344, stack(0x000000001bd40000,0x000000001be40000)]
  0x000000001a5d1800 JavaThread "Finalizer" daemon [_thread_blocked, id=16564, stack(0x000000001b840000,0x000000001b940000)]
  0x000000000333b000 JavaThread "Reference Handler" daemon [_thread_blocked, id=14148, stack(0x000000001b740000,0x000000001b840000)]
  0x000000000324b000 JavaThread "main" [_thread_in_Java, id=13452, stack(0x0000000003070000,0x0000000003170000)]

Other Threads:
  0x000000001a5a7000 VMThread [stack: 0x000000001b640000,0x000000001b740000] [id=16708]
  0x000000001c5ca800 WatcherThread [stack: 0x000000001ce40000,0x000000001cf40000] [id=3004]

VM state:not at safepoint (normal execution)

VM Mutex/Monitor currently owned by a thread: None

Heap:
 PSYoungGen      total 57344K, used 44440K [0x0000000780800000, 0x0000000784800000, 0x00000007c0000000)
  eden space 49152K, 76% used [0x0000000780800000,0x0000000782ce61e0,0x0000000783800000)
  from space 8192K, 81% used [0x0000000784000000,0x000000078467ffa8,0x0000000784800000)
  to   space 8192K, 0% used [0x0000000783800000,0x0000000783800000,0x0000000784000000)
 ParOldGen       total 131072K, used 24K [0x0000000701800000, 0x0000000709800000, 0x0000000780800000)
  object space 131072K, 0% used [0x0000000701800000,0x0000000701806000,0x0000000709800000)
 Metaspace       used 17078K, capacity 17620K, committed 17792K, reserved 1064960K
  class space    used 2210K, capacity 2342K, committed 2432K, reserved 1048576K

Card table byte_map: [0x0000000012900000,0x0000000012f00000] byte_map_base: 0x000000000f0f4000

Marking Bits: (ParMarkBitMap*) 0x0000000052ab2d00
 Begin Bits: [0x0000000013700000, 0x00000000166a0000)
 End Bits:   [0x00000000166a0000, 0x0000000019640000)

Polling page: 0x0000000000e90000

CodeCache: size=245760Kb used=5279Kb max_used=5295Kb free=240480Kb
 bounds [0x0000000003540000, 0x0000000003a70000, 0x0000000012540000]
 total_blobs=1826 nmethods=1471 adapters=275
 compilation: enabled

Compilation events (10 events):
Event: 7.588 Thread 0x000000001c552800 nmethod 1467 0x0000000003a5a790 code [0x0000000003a5a920, 0x0000000003a5ae08]
Event: 7.593 Thread 0x000000001c552800 1468   !   3       com.intellij.rt.debugger.agent.CaptureAgent$CaptureTransformer::transform (227 bytes)
Event: 7.596 Thread 0x000000001c552800 nmethod 1468 0x0000000003a63f50 code [0x0000000003a643c0, 0x0000000003a66de8]
Event: 7.607 Thread 0x000000001c552800 1470       3       org.hibernate.validator.internal.util.TypeHelper::extractConstraintValidatorTypeArgumentType (89 bytes)
Event: 7.609 Thread 0x000000001c552800 nmethod 1470 0x0000000003a55e10 code [0x0000000003a56100, 0x0000000003a57668]
Event: 7.613 Thread 0x000000001c551000 1471   !   4       java.util.zip.ZipFile$ZipFileInputStream::close (110 bytes)
Event: 7.647 Thread 0x000000001c551000 nmethod 1471 0x0000000003a6d190 code [0x0000000003a6d360, 0x0000000003a6ec18]
Event: 7.653 Thread 0x000000001c551000 1472   !   4       sun.misc.URLClassPath$JarLoader::getResource (353 bytes)
Event: 7.677 Thread 0x000000001c552800 1473       3       java.lang.Class$AnnotationData::<init> (20 bytes)
Event: 7.677 Thread 0x000000001c552800 nmethod 1473 0x0000000003a5a010 code [0x0000000003a5a160, 0x0000000003a5a350]

GC Heap History (4 events):
Event: 5.584 GC heap before
{Heap before GC invocations=1 (full 0):
 PSYoungGen      total 57344K, used 49152K [0x0000000780800000, 0x0000000784800000, 0x00000007c0000000)
  eden space 49152K, 100% used [0x0000000780800000,0x0000000783800000,0x0000000783800000)
  from space 8192K, 0% used [0x0000000784000000,0x0000000784000000,0x0000000784800000)
  to   space 8192K, 0% used [0x0000000783800000,0x0000000783800000,0x0000000784000000)
 ParOldGen       total 131072K, used 0K [0x0000000701800000, 0x0000000709800000, 0x0000000780800000)
  object space 131072K, 0% used [0x0000000701800000,0x0000000701800000,0x0000000709800000)
 Metaspace       used 9505K, capacity 9838K, committed 9984K, reserved 1058816K
  class space    used 1114K, capacity 1223K, committed 1280K, reserved 1048576K
Event: 5.596 GC heap after
Heap after GC invocations=1 (full 0):
 PSYoungGen      total 57344K, used 5578K [0x0000000780800000, 0x0000000784800000, 0x00000007c0000000)
  eden space 49152K, 0% used [0x0000000780800000,0x0000000780800000,0x0000000783800000)
  from space 8192K, 68% used [0x0000000783800000,0x0000000783d728a8,0x0000000784000000)
  to   space 8192K, 0% used [0x0000000784000000,0x0000000784000000,0x0000000784800000)
 ParOldGen       total 131072K, used 16K [0x0000000701800000, 0x0000000709800000, 0x0000000780800000)
  object space 131072K, 0% used [0x0000000701800000,0x0000000701804000,0x0000000709800000)
 Metaspace       used 9505K, capacity 9838K, committed 9984K, reserved 1058816K
  class space    used 1114K, capacity 1223K, committed 1280K, reserved 1048576K
}
Event: 6.993 GC heap before
{Heap before GC invocations=2 (full 0):
 PSYoungGen      total 57344K, used 54730K [0x0000000780800000, 0x0000000784800000, 0x00000007c0000000)
  eden space 49152K, 100% used [0x0000000780800000,0x0000000783800000,0x0000000783800000)
  from space 8192K, 68% used [0x0000000783800000,0x0000000783d728a8,0x0000000784000000)
  to   space 8192K, 0% used [0x0000000784000000,0x0000000784000000,0x0000000784800000)
 ParOldGen       total 131072K, used 16K [0x0000000701800000, 0x0000000709800000, 0x0000000780800000)
  object space 131072K, 0% used [0x0000000701800000,0x0000000701804000,0x0000000709800000)
 Metaspace       used 14693K, capacity 15036K, committed 15232K, reserved 1062912K
  class space    used 1777K, capacity 1882K, committed 1920K, reserved 1048576K
Event: 7.007 GC heap after
Heap after GC invocations=2 (full 0):
 PSYoungGen      total 57344K, used 6655K [0x0000000780800000, 0x0000000784800000, 0x00000007c0000000)
  eden space 49152K, 0% used [0x0000000780800000,0x0000000780800000,0x0000000783800000)
  from space 8192K, 81% used [0x0000000784000000,0x000000078467ffa8,0x0000000784800000)
  to   space 8192K, 0% used [0x0000000783800000,0x0000000783800000,0x0000000784000000)
 ParOldGen       total 131072K, used 24K [0x0000000701800000, 0x0000000709800000, 0x0000000780800000)
  object space 131072K, 0% used [0x0000000701800000,0x0000000701806000,0x0000000709800000)
 Metaspace       used 14693K, capacity 15036K, committed 15232K, reserved 1062912K
  class space    used 1777K, capacity 1882K, committed 1920K, reserved 1048576K
}

Deoptimization events (10 events):
Event: 5.284 Thread 0x000000000324b000 Uncommon trap: reason=unstable_if action=reinterpret pc=0x00000000036e75f8 method=java.lang.String.indexOf([CII[CIII)I @ 3
Event: 5.470 Thread 0x000000000324b000 Uncommon trap: reason=class_check action=maybe_recompile pc=0x00000000038a3cc8 method=java.util.HashMap.putVal(ILjava/lang/Object;Ljava/lang/Object;ZZ)Ljava/lang/Object; @ 203
Event: 5.635 Thread 0x000000000324b000 Uncommon trap: reason=range_check action=make_not_entrant pc=0x00000000038231d0 method=sun.reflect.generics.parser.SignatureParser.current()C @ 34
Event: 5.846 Thread 0x000000000324b000 Uncommon trap: reason=unstable_if action=reinterpret pc=0x00000000038d7b70 method=java.util.HashMap.hash(Ljava/lang/Object;)I @ 1
Event: 5.847 Thread 0x000000000324b000 Uncommon trap: reason=unstable_if action=reinterpret pc=0x00000000037e992c method=java.util.HashMap.hash(Ljava/lang/Object;)I @ 1
Event: 6.931 Thread 0x000000000324b000 Uncommon trap: reason=unstable_if action=reinterpret pc=0x00000000038431f4 method=java.util.HashMap.hash(Ljava/lang/Object;)I @ 1
Event: 6.944 Thread 0x000000001d82f000 Uncommon trap: reason=unstable_if action=reinterpret pc=0x00000000039ae4d0 method=java.util.concurrent.ConcurrentHashMap.putVal(Ljava/lang/Object;Ljava/lang/Object;Z)Ljava/lang/Object; @ 113
Event: 6.948 Thread 0x000000000324b000 Uncommon trap: reason=unstable_if action=reinterpret pc=0x00000000039ae6d8 method=java.util.concurrent.ConcurrentHashMap.addCount(JI)V @ 168
Event: 7.148 Thread 0x000000000324b000 Uncommon trap: reason=unstable_if action=reinterpret pc=0x00000000039c9a98 method=java.io.WinNTFileSystem.isLetter(C)Z @ 15
Event: 7.451 Thread 0x000000000324b000 Uncommon trap: reason=unstable_if action=reinterpret pc=0x00000000039dcafc method=java.net.URL.<init>(Ljava/net/URL;Ljava/lang/String;Ljava/net/URLStreamHandler;)V @ 347

Classes redefined (0 events):
No events

Internal exceptions (10 events):
Event: 3.485 Thread 0x000000000324b000 Exception <a 'java/lang/NoSuchFieldError': method resolution failed> (0x0000000781d19eb8) thrown at [C:\re\workspace\8-2-build-windows-amd64-cygwin\jdk8u181\11358\hotspot\src\share\vm\prims\methodHandles.cpp, line 1167]
Event: 3.680 Thread 0x000000000324b000 Exception <a 'java/lang/NoSuchMethodError': org.slf4j.impl.StaticMDCBinder.getSingleton()Lorg/slf4j/impl/StaticMDCBinder;> (0x0000000782268ff0) thrown at [C:\re\workspace\8-2-build-windows-amd64-cygwin\jdk8u181\11358\hotspot\src\share\vm\interpreter\linkR
Event: 5.166 Thread 0x000000000324b000 Exception <a 'java/lang/NoSuchMethodError': java.lang.Object.lambda$comparing$77a9974f$1(Ljava/util/function/Function;Ljava/lang/Object;Ljava/lang/Object;)I> (0x0000000783106510) thrown at [C:\re\workspace\8-2-build-windows-amd64-cygwin\jdk8u181\11358\hot
Event: 5.563 Thread 0x000000000324b000 Exception <a 'java/lang/NoSuchMethodError': java.lang.Object.lambda$static$0(Ljava/lang/Object;)Ljava/lang/Object;> (0x00000007837a8f58) thrown at [C:\re\workspace\8-2-build-windows-amd64-cygwin\jdk8u181\11358\hotspot\src\share\vm\interpreter\linkResolver
Event: 5.635 Thread 0x000000000324b000 Exception <a 'java/lang/ArrayIndexOutOfBoundsException': 18> (0x0000000780966768) thrown at [C:\re\workspace\8-2-build-windows-amd64-cygwin\jdk8u181\11358\hotspot\src\share\vm\interpreter\interpreterRuntime.cpp, line 366]
Event: 5.636 Thread 0x000000000324b000 Exception <a 'java/lang/ArrayIndexOutOfBoundsException': 182> (0x0000000780968cd0) thrown at [C:\re\workspace\8-2-build-windows-amd64-cygwin\jdk8u181\11358\hotspot\src\share\vm\interpreter\interpreterRuntime.cpp, line 366]
Event: 5.846 Thread 0x000000000324b000 Implicit null exception at 0x00000000038d7ad8 to 0x00000000038d7b66
Event: 5.847 Thread 0x000000000324b000 Implicit null exception at 0x00000000037e98af to 0x00000000037e991d
Event: 6.931 Thread 0x000000000324b000 Implicit null exception at 0x0000000003842f54 to 0x00000000038431dd
Event: 7.259 Thread 0x000000000324b000 Exception <a 'java/lang/NoSuchMethodError': java.lang.Object.lambda$chars$0()Ljava/util/Spliterator$OfInt;> (0x00000007812ffd38) thrown at [C:\re\workspace\8-2-build-windows-amd64-cygwin\jdk8u181\11358\hotspot\src\share\vm\interpreter\linkResolver.cpp, li

Events (10 events):
Event: 7.697 Thread 0x000000001d82f000 DEOPT PACKING pc=0x00000000036f7a9c sp=0x000000001f3de080
Event: 7.697 Thread 0x000000001d82f000 DEOPT UNPACKING pc=0x0000000003587890 sp=0x000000001f3ddea0 mode 1
Event: 7.697 loading class org/springframework/boot/diagnostics/analyzer/UnboundConfigurationPropertyFailureAnalyzer
Event: 7.697 loading class org/springframework/boot/diagnostics/analyzer/UnboundConfigurationPropertyFailureAnalyzer done
Event: 7.697 Thread 0x000000000324b000 DEOPT PACKING pc=0x0000000003759149 sp=0x000000000316cd80
Event: 7.697 Thread 0x000000000324b000 DEOPT UNPACKING pc=0x0000000003587890 sp=0x000000000316cad0 mode 1
Event: 7.697 Thread 0x000000000324b000 DEOPT PACKING pc=0x00000000036f7d04 sp=0x000000000316ce00
Event: 7.697 Thread 0x000000000324b000 DEOPT UNPACKING pc=0x0000000003587890 sp=0x000000000316cc20 mode 1
Event: 7.697 Thread 0x000000000324b000 DEOPT PACKING pc=0x00000000036f7a9c sp=0x000000000316cf90
Event: 7.697 Thread 0x000000000324b000 DEOPT UNPACKING pc=0x0000000003587890 sp=0x000000000316cdb0 mode 1


Dynamic libraries:
0x00007ff611ed0000 - 0x00007ff611f07000 	C:\Program Files\Java\jdk1.8.0_181\bin\java.exe
0x00007ff9e3990000 - 0x00007ff9e3b71000 	C:\WINDOWS\SYSTEM32\ntdll.dll
0x00007ff9e1550000 - 0x00007ff9e1602000 	C:\WINDOWS\System32\KERNEL32.DLL
0x00007ff9e06c0000 - 0x00007ff9e0933000 	C:\WINDOWS\System32\KERNELBASE.dll
0x00007ff9e1000000 - 0x00007ff9e10a1000 	C:\WINDOWS\System32\ADVAPI32.dll
0x00007ff9e3810000 - 0x00007ff9e38ae000 	C:\WINDOWS\System32\msvcrt.dll
0x00007ff9e37b0000 - 0x00007ff9e380b000 	C:\WINDOWS\System32\sechost.dll
0x00007ff9e3530000 - 0x00007ff9e3654000 	C:\WINDOWS\System32\RPCRT4.dll
0x00007ff9e1210000 - 0x00007ff9e13a0000 	C:\WINDOWS\System32\USER32.dll
0x00007ff9e06a0000 - 0x00007ff9e06c0000 	C:\WINDOWS\System32\win32u.dll
0x00007ff9e3930000 - 0x00007ff9e3958000 	C:\WINDOWS\System32\GDI32.dll
0x00007ff9e0c80000 - 0x00007ff9e0e12000 	C:\WINDOWS\System32\gdi32full.dll
0x00007ff9e0be0000 - 0x00007ff9e0c7f000 	C:\WINDOWS\System32\msvcp_win.dll
0x00007ff9dfd60000 - 0x00007ff9dfe5a000 	C:\WINDOWS\System32\ucrtbase.dll
0x00007ff9d76c0000 - 0x00007ff9d7929000 	C:\WINDOWS\WinSxS\amd64_microsoft.windows.common-controls_6595b64144ccf1df_6.0.17134.165_none_fb429645306569ac\COMCTL32.dll
0x00007ff9e30a0000 - 0x00007ff9e33c3000 	C:\WINDOWS\System32\combase.dll
0x00007ff9dfe60000 - 0x00007ff9dfeda000 	C:\WINDOWS\System32\bcryptPrimitives.dll
0x00007ff9e34a0000 - 0x00007ff9e34cd000 	C:\WINDOWS\System32\IMM32.DLL
0x0000000055500000 - 0x00000000555d2000 	C:\Program Files\Java\jdk1.8.0_181\jre\bin\msvcr100.dll
0x0000000052290000 - 0x0000000052b32000 	C:\Program Files\Java\jdk1.8.0_181\jre\bin\server\jvm.dll
0x00007ff9e1540000 - 0x00007ff9e1548000 	C:\WINDOWS\System32\PSAPI.DLL
0x00007ff9c3af0000 - 0x00007ff9c3af9000 	C:\WINDOWS\SYSTEM32\WSOCK32.dll
0x00007ff9d7930000 - 0x00007ff9d793a000 	C:\WINDOWS\SYSTEM32\VERSION.dll
0x00007ff9e1620000 - 0x00007ff9e168c000 	C:\WINDOWS\System32\WS2_32.dll
0x00007ff9dbb70000 - 0x00007ff9dbb93000 	C:\WINDOWS\SYSTEM32\WINMM.dll
0x00007ff9dba70000 - 0x00007ff9dba9a000 	C:\WINDOWS\SYSTEM32\winmmbase.dll
0x00007ff9e0650000 - 0x00007ff9e0699000 	C:\WINDOWS\System32\cfgmgr32.dll
0x00000000554f0000 - 0x00000000554ff000 	C:\Program Files\Java\jdk1.8.0_181\jre\bin\verify.dll
0x00000000554c0000 - 0x00000000554e9000 	C:\Program Files\Java\jdk1.8.0_181\jre\bin\java.dll
0x0000000055460000 - 0x0000000055495000 	C:\Program Files\Java\jdk1.8.0_181\jre\bin\jdwp.dll
0x0000000055450000 - 0x0000000055458000 	C:\Program Files\Java\jdk1.8.0_181\jre\bin\npt.dll
0x0000000055420000 - 0x0000000055443000 	C:\Program Files\Java\jdk1.8.0_181\jre\bin\instrument.dll
0x00000000554a0000 - 0x00000000554b6000 	C:\Program Files\Java\jdk1.8.0_181\jre\bin\zip.dll
0x00007ff9e1ae0000 - 0x00007ff9e2f20000 	C:\WINDOWS\System32\SHELL32.dll
0x00007ff9e3700000 - 0x00007ff9e37a9000 	C:\WINDOWS\System32\shcore.dll
0x00007ff9dfee0000 - 0x00007ff9e05ed000 	C:\WINDOWS\System32\windows.storage.dll
0x00007ff9e2f20000 - 0x00007ff9e2f71000 	C:\WINDOWS\System32\shlwapi.dll
0x00007ff9dfca0000 - 0x00007ff9dfcb1000 	C:\WINDOWS\System32\kernel.appcore.dll
0x00007ff9dfd40000 - 0x00007ff9dfd5f000 	C:\WINDOWS\System32\profapi.dll
0x00007ff9dfce0000 - 0x00007ff9dfd2c000 	C:\WINDOWS\System32\powrprof.dll
0x00007ff9dfd30000 - 0x00007ff9dfd3a000 	C:\WINDOWS\System32\FLTLIB.DLL
0x0000000055410000 - 0x0000000055419000 	C:\Program Files\Java\jdk1.8.0_181\jre\bin\dt_socket.dll
0x00007ff9df500000 - 0x00007ff9df566000 	C:\WINDOWS\system32\mswsock.dll
0x00000000553f0000 - 0x000000005540a000 	C:\Program Files\Java\jdk1.8.0_181\jre\bin\net.dll
0x00000000553d0000 - 0x00000000553e1000 	C:\Program Files\Java\jdk1.8.0_181\jre\bin\nio.dll
0x00000000553c0000 - 0x00000000553cd000 	C:\Program Files\Java\jdk1.8.0_181\jre\bin\management.dll
0x00007ff9c5810000 - 0x00007ff9c5826000 	C:\WINDOWS\system32\napinsp.dll
0x00007ff9c57f0000 - 0x00007ff9c580a000 	C:\WINDOWS\system32\pnrpnsp.dll
0x00007ff9dca90000 - 0x00007ff9dcaa9000 	C:\WINDOWS\system32\NLAapi.dll
0x00007ff9df2c0000 - 0x00007ff9df37e000 	C:\WINDOWS\SYSTEM32\DNSAPI.dll
0x00007ff9e3090000 - 0x00007ff9e3098000 	C:\WINDOWS\System32\NSI.dll
0x00007ff9df280000 - 0x00007ff9df2b8000 	C:\WINDOWS\SYSTEM32\IPHLPAPI.DLL
0x00007ff9c6ec0000 - 0x00007ff9c6ece000 	C:\WINDOWS\System32\winrnr.dll
0x00007ff9c57d0000 - 0x00007ff9c57e5000 	C:\WINDOWS\System32\wshbth.dll
0x00007ff9d2d20000 - 0x00007ff9d2d2a000 	C:\Windows\System32\rasadhlp.dll
0x00007ff9d3540000 - 0x00007ff9d35b2000 	C:\WINDOWS\System32\fwpuclnt.dll
0x00007ff9df7e0000 - 0x00007ff9df805000 	C:\WINDOWS\SYSTEM32\bcrypt.dll

VM Arguments:
jvm_args: -agentlib:jdwp=transport=dt_socket,address=127.0.0.1:51901,suspend=y,server=n -ea -Didea.test.cyclic.buffer.size=1048576 -javaagent:C:\Users\samsung\.IntelliJIdea2018.2\system\captureAgent\debugger-agent.jar=file:/C:/Users/samsung/AppData/Local/Temp/capture.props -Dfile.encoding=UTF-8 
java_command: com.intellij.rt.execution.junit.JUnitStarter -ideVersion5 -junit4 opensource.capinfo.uploader.UploaderPlugInApplicationTests,testUpolad2
java_class_path (initial): D:\IDEA\IDEA-UI\IntelliJ IDEA 2018.2\lib\idea_rt.jar;D:\IDEA\IDEA-UI\IntelliJ IDEA 2018.2\plugins\junit\lib\junit-rt.jar;D:\IDEA\IDEA-UI\IntelliJ IDEA 2018.2\plugins\junit\lib\junit5-rt.jar;C:\Program Files\Java\jdk1.8.0_181\jre\lib\charsets.jar;C:\Program Files\Java\jdk1.8.0_181\jre\lib\deploy.jar;C:\Program Files\Java\jdk1.8.0_181\jre\lib\ext\access-bridge-64.jar;C:\Program Files\Java\jdk1.8.0_181\jre\lib\ext\cldrdata.jar;C:\Program Files\Java\jdk1.8.0_181\jre\lib\ext\dnsns.jar;C:\Program Files\Java\jdk1.8.0_181\jre\lib\ext\jaccess.jar;C:\Program Files\Java\jdk1.8.0_181\jre\lib\ext\jfxrt.jar;C:\Program Files\Java\jdk1.8.0_181\jre\lib\ext\localedata.jar;C:\Program Files\Java\jdk1.8.0_181\jre\lib\ext\nashorn.jar;C:\Program Files\Java\jdk1.8.0_181\jre\lib\ext\sunec.jar;C:\Program Files\Java\jdk1.8.0_181\jre\lib\ext\sunjce_provider.jar;C:\Program Files\Java\jdk1.8.0_181\jre\lib\ext\sunmscapi.jar;C:\Program Files\Java\jdk1.8.0_181\jre\lib\ext\sunpkcs11.jar;C:\Program Files\Java\jdk1.8.0_181\jre\lib\ext\zipfs.jar;C:\Program Files\Java\jdk1.8.0_181\jre\lib\javaws.jar;C:\Program Files\Java\jdk1.8.0_181\jre\lib\jce.jar;C:\Program Files\Java\jdk1.8.0_181\jre\lib\jfr.jar;C:\Program Files\Java\jdk1.8.0_181\jre\lib\jfxswt.jar;C:\Program Files\Java\jdk1.8.0_181\jre\lib\jsse.jar;C:\Program Files\Java\jdk1.8.0_181\jre\lib\management-agent.jar;C:\Program Files\Java\jdk1.8.0_181\jre\lib\plugin.jar;C:\Program Files\Java\jdk1.8.0_181\jre\lib\resources.jar;C:\Program Files\Java\jdk1.8.0_181\jre\lib\rt.jar;E:\software\project\uploaderPlugin\target\test-classes;E:\software\project\uploaderPlugin\target\classes;E:\maven\library\library\com\ibeetl\beetl\2.9.3\beetl-2.9.3.jar;E:\maven\library\library\org\antlr\antlr4-runtime\4.2\antlr4-runtime-4.2.jar;E:\maven\library\library\org\abego\treelayout\org.abego.treelayout.core\1.0.1\org.abego.treelayout.core-1.0.1.jar;E:\maven\library\library\org\antlr\antlr4-annotations\4.2\antlr4-annotations-4.2.jar;E:\maven\libra
Launcher Type: SUN_STANDARD

Environment Variables:
JAVA_HOME=C:\Program Files\Java\jdk1.8.0_181
CLASSPATH=C:\Program Files\Java\jdk1.8.0_181\lib\dt.jar;C:\Program Files\Java\jdk1.8.0_181\lib\tools.jar;
PATH=E:\app\samsung\product\11.2.0\dbhome_1\bin;c:\windows\system32;G:\mysql\bin;C:\Program Files\Java\jdk1.8.0_181\bin;C:\Program Files\Java\jdk1.8.0_181\jre\bin;C:\WINDOWS\system32;C:\WINDOWS;C:\WINDOWS\System32\Wbem;C:\WINDOWS\System32\WindowsPowerShell\v1.0\;E:\maven\apache-maven-3.5.2-bin\apache-maven-3.5.2\bin;C:\WINDOWS\System32\OpenSSH\;E:\node.js\;E:\软件\mangodb\4.0\bin;E;\软件\TortoiseSVN\bin;E;\软件\Go\bin;;;C:\Program Files\Git\cmd;E:\software\SVN\bin;C:\Program Files (x86)\MySQL\MySQL Fabric 1.5.4 & MySQL Utilities 1.5.4 1.5\;C:\Program Files (x86)\MySQL\MySQL Fabric 1.5.4 & MySQL Utilities 1.5.4 1.5\Doctrine extensions for PHP\;C:\Program Files\Java\jdk1.8.0_181\bin;C:\Users\samsung\AppData\Local\Microsoft\WindowsApps;E:\软件\ssh;C:\Users\samsung\AppData\Roaming\npm;E:\软件\mangodb\4.0\bin;C:\Users\samsung\go\bin;E:\git\Git\cmd;
USERNAME=samsung
OS=Windows_NT
PROCESSOR_IDENTIFIER=Intel64 Family 6 Model 61 Stepping 4, GenuineIntel



---------------  S Y S T E M  ---------------

OS: Windows 10.0 , 64 bit Build 17134 (10.0.17134.1)

CPU:total 4 (initial active 4) (2 cores per cpu, 2 threads per core) family 6 model 61 stepping 4, cmov, cx8, fxsr, mmx, sse, sse2, sse3, ssse3, sse4.1, sse4.2, popcnt, avx, avx2, aes, clmul, erms, 3dnowpref, lzcnt, ht, tsc, tscinvbit, bmi1, bmi2, adx

Memory: 4k page, physical 12483108k(2829180k free), swap 12483108k(5376k free)

vm_info: Java HotSpot(TM) 64-Bit Server VM (25.181-b13) for windows-amd64 JRE (1.8.0_181-b13), built on Jul  7 2018 04:01:33 by "java_re" with MS VC++ 10.0 (VS2010)

time: Tue Jul 23 17:59:08 2019
elapsed time: 7 seconds (0d 0h 0m 7s)

